<?xml version="1.0" encoding="UTF-8"?>
<!-- Generated by org.testng.reporters.JUnitXMLReporter -->
<testsuite ignored="0" hostname="Omika" failures="0" tests="9" name="Test" time="38.739" errors="0" timestamp="2024-11-05T12:06:30 IST">
  <testcase classname="com.TestNG.integration.DataProviderParalla" name="testDataProvider" time="6.524"/>
  <testcase classname="com.TestNG.integration.DataProviderParalla" name="testDataProvider" time="6.569"/>
  <testcase classname="com.TestNG.integration.DataProviderParalla" name="testDataProviderWithName" time="6.094"/>
  <testcase classname="com.TestNG.integration.DataProviderParalla" name="testDataProviderWithName" time="2.91"/>
  <testcase classname="com.TestNG.integration.ParallalExcution" name="FifthTestCases" time="0.004"/>
  <testcase classname="com.TestNG.integration.ParallalExcution" name="FirstTestCases" time="0.002"/>
  <testcase classname="com.TestNG.integration.ParallalExcution" name="ForthTestCases" time="0.002"/>
  <testcase classname="com.TestNG.integration.ParallalExcution" name="SecondTestCases" time="3.012"/>
  <testcase classname="com.TestNG.integration.ParallalExcution" name="ThirdTestCases" time="0.002"/>
</testsuite> <!-- Test -->
