<?xml version="1.0" encoding="UTF-8"?>
<testng-results ignored="0" total="9" passed="9" failed="0" skipped="0">
  <reporter-output>
  </reporter-output>
  <suite started-at="2024-11-05T12:05:51 IST" name="Suite" finished-at="2024-11-05T12:06:29 IST" duration-ms="38739">
    <groups>
    </groups>
    <test started-at="2024-11-05T12:05:51 IST" name="Test" finished-at="2024-11-05T12:06:29 IST" duration-ms="38739">
      <class name="com.TestNG.integration.ParallalExcution">
        <test-method signature="FifthTestCases()[pri:0, instance:com.TestNG.integration.ParallalExcution@4686afc2]" started-at="2024-11-05T12:06:21 IST" name="FifthTestCases" finished-at="2024-11-05T12:06:21 IST" duration-ms="4" status="PASS">
          <reporter-output>
          </reporter-output>
        </test-method> <!-- FifthTestCases -->
        <test-method signature="FirstTestCases()[pri:0, instance:com.TestNG.integration.ParallalExcution@4686afc2]" started-at="2024-11-05T12:06:21 IST" name="FirstTestCases" finished-at="2024-11-05T12:06:21 IST" duration-ms="2" status="PASS">
          <reporter-output>
          </reporter-output>
        </test-method> <!-- FirstTestCases -->
        <test-method signature="ForthTestCases()[pri:0, instance:com.TestNG.integration.ParallalExcution@4686afc2]" started-at="2024-11-05T12:06:21 IST" name="ForthTestCases" finished-at="2024-11-05T12:06:21 IST" duration-ms="2" status="PASS">
          <reporter-output>
          </reporter-output>
        </test-method> <!-- ForthTestCases -->
        <test-method signature="SecondTestCases()[pri:0, instance:com.TestNG.integration.ParallalExcution@4686afc2]" started-at="2024-11-05T12:06:21 IST" name="SecondTestCases" finished-at="2024-11-05T12:06:24 IST" duration-ms="3012" status="PASS">
          <reporter-output>
          </reporter-output>
        </test-method> <!-- SecondTestCases -->
        <test-method signature="ThirdTestCases()[pri:0, instance:com.TestNG.integration.ParallalExcution@4686afc2]" started-at="2024-11-05T12:06:24 IST" name="ThirdTestCases" finished-at="2024-11-05T12:06:24 IST" duration-ms="2" status="PASS">
          <reporter-output>
          </reporter-output>
        </test-method> <!-- ThirdTestCases -->
      </class> <!-- com.TestNG.integration.ParallalExcution -->
      <class name="docker.Setup_DockerGrid">
        <test-method is-config="true" signature="startDockergrid()[pri:0, instance:docker.Setup_DockerGrid@5e600dd5]" started-at="2024-11-05T12:05:51 IST" name="startDockergrid" finished-at="2024-11-05T12:06:06 IST" duration-ms="15037" status="PASS">
          <reporter-output>
          </reporter-output>
        </test-method> <!-- startDockergrid -->
        <test-method is-config="true" signature="stopDockergrid()[pri:0, instance:docker.Setup_DockerGrid@5e600dd5]" started-at="2024-11-05T12:06:24 IST" name="stopDockergrid" finished-at="2024-11-05T12:06:29 IST" duration-ms="5025" status="PASS">
          <reporter-output>
          </reporter-output>
        </test-method> <!-- stopDockergrid -->
      </class> <!-- docker.Setup_DockerGrid -->
      <class name="com.TestNG.integration.DataProviderParalla">
        <test-method signature="testDataProvider(java.lang.String,java.lang.String)[pri:0, instance:com.TestNG.integration.DataProviderParalla@229c6181]" started-at="2024-11-05T12:06:06 IST" name="testDataProvider" data-provider="DataProviderTest" finished-at="2024-11-05T12:06:12 IST" duration-ms="6524" status="PASS">
          <params>
            <param index="0">
              <value>
                <![CDATA[Deshmukha]]>
              </value>
            </param>
            <param index="1">
              <value>
                <![CDATA[Ichake]]>
              </value>
            </param>
          </params>
          <reporter-output>
          </reporter-output>
        </test-method> <!-- testDataProvider -->
        <test-method signature="testDataProvider(java.lang.String,java.lang.String)[pri:0, instance:com.TestNG.integration.DataProviderParalla@229c6181]" started-at="2024-11-05T12:06:06 IST" name="testDataProvider" data-provider="DataProviderTest" finished-at="2024-11-05T12:06:12 IST" duration-ms="6569" status="PASS">
          <params>
            <param index="0">
              <value>
                <![CDATA[Abhijeet]]>
              </value>
            </param>
            <param index="1">
              <value>
                <![CDATA[Abhipal]]>
              </value>
            </param>
          </params>
          <reporter-output>
          </reporter-output>
        </test-method> <!-- testDataProvider -->
        <test-method signature="testDataProviderWithName(java.lang.String,java.lang.String)[pri:0, instance:com.TestNG.integration.DataProviderParalla@229c6181]" started-at="2024-11-05T12:06:12 IST" name="testDataProviderWithName" data-provider="dp" finished-at="2024-11-05T12:06:18 IST" duration-ms="6094" status="PASS">
          <params>
            <param index="0">
              <value>
                <![CDATA[Abhijeet]]>
              </value>
            </param>
            <param index="1">
              <value>
                <![CDATA[Abhipal]]>
              </value>
            </param>
          </params>
          <reporter-output>
          </reporter-output>
        </test-method> <!-- testDataProviderWithName -->
        <test-method signature="testDataProviderWithName(java.lang.String,java.lang.String)[pri:0, instance:com.TestNG.integration.DataProviderParalla@229c6181]" started-at="2024-11-05T12:06:18 IST" name="testDataProviderWithName" data-provider="dp" finished-at="2024-11-05T12:06:21 IST" duration-ms="2910" status="PASS">
          <params>
            <param index="0">
              <value>
                <![CDATA[Deshmukha]]>
              </value>
            </param>
            <param index="1">
              <value>
                <![CDATA[Ichake]]>
              </value>
            </param>
          </params>
          <reporter-output>
          </reporter-output>
        </test-method> <!-- testDataProviderWithName -->
      </class> <!-- com.TestNG.integration.DataProviderParalla -->
    </test> <!-- Test -->
  </suite> <!-- Suite -->
</testng-results>
