<?xml version="1.0" encoding="UTF-8"?>
<testng-results ignored="0" total="5" passed="5" failed="0" skipped="0">
  <reporter-output>
  </reporter-output>
  <suite started-at="2024-11-06T09:15:51 IST" name="Suite" finished-at="2024-11-06T09:16:15 IST" duration-ms="23563">
    <groups>
    </groups>
    <test started-at="2024-11-06T09:15:51 IST" name="Test" finished-at="2024-11-06T09:16:15 IST" duration-ms="23563">
      <class name="com.TestNG.integration.ParallalExcution">
        <test-method signature="FifthTestCases()[pri:0, instance:com.TestNG.integration.ParallalExcution@73e9cf30]" started-at="2024-11-06T09:16:07 IST" name="FifthTestCases" finished-at="2024-11-06T09:16:07 IST" duration-ms="42" status="PASS">
          <reporter-output>
          </reporter-output>
        </test-method> <!-- FifthTestCases -->
        <test-method signature="FirstTestCases()[pri:0, instance:com.TestNG.integration.ParallalExcution@73e9cf30]" started-at="2024-11-06T09:16:07 IST" name="FirstTestCases" finished-at="2024-11-06T09:16:07 IST" duration-ms="3" status="PASS">
          <reporter-output>
          </reporter-output>
        </test-method> <!-- FirstTestCases -->
        <test-method signature="ForthTestCases()[pri:0, instance:com.TestNG.integration.ParallalExcution@73e9cf30]" started-at="2024-11-06T09:16:07 IST" name="ForthTestCases" finished-at="2024-11-06T09:16:07 IST" duration-ms="4" status="PASS">
          <reporter-output>
          </reporter-output>
        </test-method> <!-- ForthTestCases -->
        <test-method signature="SecondTestCases()[pri:0, instance:com.TestNG.integration.ParallalExcution@73e9cf30]" started-at="2024-11-06T09:16:07 IST" name="SecondTestCases" finished-at="2024-11-06T09:16:10 IST" duration-ms="3009" status="PASS">
          <reporter-output>
          </reporter-output>
        </test-method> <!-- SecondTestCases -->
        <test-method signature="ThirdTestCases()[pri:0, instance:com.TestNG.integration.ParallalExcution@73e9cf30]" started-at="2024-11-06T09:16:10 IST" name="ThirdTestCases" finished-at="2024-11-06T09:16:10 IST" duration-ms="3" status="PASS">
          <reporter-output>
          </reporter-output>
        </test-method> <!-- ThirdTestCases -->
      </class> <!-- com.TestNG.integration.ParallalExcution -->
      <class name="com.Docker.integration.Setup_DockerGrid">
        <test-method is-config="true" signature="startDockergrid()[pri:0, instance:com.Docker.integration.Setup_DockerGrid@4b0d79fc]" started-at="2024-11-06T09:15:51 IST" name="startDockergrid" finished-at="2024-11-06T09:16:06 IST" duration-ms="15276" status="PASS">
          <reporter-output>
          </reporter-output>
        </test-method> <!-- startDockergrid -->
        <test-method is-config="true" signature="stopDockergrid()[pri:0, instance:com.Docker.integration.Setup_DockerGrid@4b0d79fc]" started-at="2024-11-06T09:16:10 IST" name="stopDockergrid" finished-at="2024-11-06T09:16:15 IST" duration-ms="5034" status="PASS">
          <reporter-output>
          </reporter-output>
        </test-method> <!-- stopDockergrid -->
      </class> <!-- com.Docker.integration.Setup_DockerGrid -->
    </test> <!-- Test -->
  </suite> <!-- Suite -->
</testng-results>
